<?xml version="1.0" encoding="UTF-8"?>
<testsuite xmlns:xsi="http://www.w3.org/2001/XMLSchema-instance" xsi:noNamespaceSchemaLocation="https://maven.apache.org/surefire/maven-surefire-plugin/xsd/surefire-test-report-3.0.xsd" version="3.0" name="com.school.SchoolManagerApplicationTests" time="26.476" tests="1" errors="0" skipped="0" failures="0">
  <properties>
[...]
</properties>
  <testcase name="contextLoads" classname="com.school.SchoolManagerApplicationTests" time="0.331">
    <system-out><![CDATA[18:11:54.135 [main] INFO org.springframework.test.context.support.AnnotationConfigContextLoaderUtils -- Could not detect default configuration classes for test class [com.school.SchoolManagerApplicationTests]: SchoolManagerApplicationTests does not declare any static, non-private, non-final, nested classes annotated with @Configuration.
18:11:54.228 [main] INFO org.springframework.boot.test.context.SpringBootTestContextBootstrapper -- Found @SpringBootConfiguration com.school.SchoolManagerApplication for test class com.school.SchoolManagerApplicationTests
18:11:54.402 [main] INFO org.springframework.boot.devtools.restart.RestartApplicationListener -- Restart disabled due to context in which it is running

███████╗ ██████╗██╗  ██╗ ██████╗  ██████╗ ██╗         ███╗   ███╗ █████╗ ███╗   ██╗ █████╗  ██████╗ ███████╗██████╗
██╔════╝██╔════╝██║  ██║██╔═══██╗██╔═══██╗██║         ████╗ ████║██╔══██╗████╗  ██║██╔══██╗██╔════╝ ██╔════╝██╔══██╗
███████╗██║     ███████║██║   ██║██║   ██║██║         ██╔████╔██║███████║██╔██╗ ██║███████║██║  ███╗█████╗  ██████╔╝
╚════██║██║     ██╔══██║██║   ██║██║   ██║██║         ██║╚██╔╝██║██╔══██║██║╚██╗██║██╔══██║██║   ██║██╔══╝  ██╔══██╗
███████║╚██████╗██║  ██║╚██████╔╝╚██████╔╝███████╗    ██║ ╚═╝ ██║██║  ██║██║ ╚████║██║  ██║╚██████╔╝███████╗██║  ██║
╚══════╝ ╚═════╝╚═╝  ╚═╝ ╚═════╝  ╚═════╝ ╚══════╝    ╚═╝     ╚═╝╚═╝  ╚═╝╚═╝  ╚═══╝╚═╝  ╚═╝ ╚═════╝ ╚══════╝╚═╝  ╚═╝
 
Powered by Spring Boot 3.3.3 No Country Simulation c20-09-ft-java-react

2024-09-22T18:11:54.666-03:00  INFO 4504 --- [School Manager] [           main] c.school.SchoolManagerApplicationTests   : Starting SchoolManagerApplicationTests using Java 17.0.11 with PID 4504 (started by Diego in D:\No Country\c20-09-ft-java-react\BackEnd\No-Country-simulation)
2024-09-22T18:11:54.668-03:00  INFO 4504 --- [School Manager] [           main] c.school.SchoolManagerApplicationTests   : No active profile set, falling back to 1 default profile: "default"
2024-09-22T18:11:55.820-03:00  INFO 4504 --- [School Manager] [           main] .s.d.r.c.RepositoryConfigurationDelegate : Bootstrapping Spring Data JPA repositories in DEFAULT mode.
2024-09-22T18:11:55.936-03:00  INFO 4504 --- [School Manager] [           main] .s.d.r.c.RepositoryConfigurationDelegate : Finished Spring Data repository scanning in 107 ms. Found 12 JPA repository interfaces.
2024-09-22T18:11:56.670-03:00  INFO 4504 --- [School Manager] [           main] o.hibernate.jpa.internal.util.LogHelper  : HHH000204: Processing PersistenceUnitInfo [name: default]
2024-09-22T18:11:56.732-03:00  INFO 4504 --- [School Manager] [           main] org.hibernate.Version                    : HHH000412: Hibernate ORM core version 6.5.2.Final
2024-09-22T18:11:56.775-03:00  INFO 4504 --- [School Manager] [           main] o.h.c.internal.RegionFactoryInitiator    : HHH000026: Second-level cache disabled
2024-09-22T18:11:57.124-03:00  INFO 4504 --- [School Manager] [           main] o.s.o.j.p.SpringPersistenceUnitInfo      : No LoadTimeWeaver setup: ignoring JPA class transformer
2024-09-22T18:11:57.161-03:00  INFO 4504 --- [School Manager] [           main] com.zaxxer.hikari.HikariDataSource       : HikariPool-1 - Starting...
2024-09-22T18:11:59.125-03:00  INFO 4504 --- [School Manager] [           main] com.zaxxer.hikari.pool.HikariPool        : HikariPool-1 - Added connection org.postgresql.jdbc.PgConnection@1bbb48dd
2024-09-22T18:11:59.127-03:00  INFO 4504 --- [School Manager] [           main] com.zaxxer.hikari.HikariDataSource       : HikariPool-1 - Start completed.
2024-09-22T18:12:01.068-03:00  INFO 4504 --- [School Manager] [           main] o.h.e.t.j.p.i.JtaPlatformInitiator       : HHH000489: No JTA platform available (set 'hibernate.transaction.jta.platform' to enable JTA platform integration)
2024-09-22T18:12:14.512-03:00  INFO 4504 --- [School Manager] [           main] j.LocalContainerEntityManagerFactoryBean : Initialized JPA EntityManagerFactory for persistence unit 'default'
2024-09-22T18:12:14.949-03:00  INFO 4504 --- [School Manager] [           main] o.s.d.j.r.query.QueryEnhancerFactory     : Hibernate is in classpath; If applicable, HQL parser will be used.
2024-09-22T18:12:16.063-03:00  INFO 4504 --- [School Manager] [           main] com.school.confing.AppInitializer        : creating the default admin: 12345678 DNI already registered: 12345678
2024-09-22T18:12:16.662-03:00  INFO 4504 --- [School Manager] [           main] r$InitializeUserDetailsManagerConfigurer : Global AuthenticationManager configured with UserDetailsService bean with name userEntityServiceImpl
2024-09-22T18:12:17.165-03:00  INFO 4504 --- [School Manager] [           main] o.s.b.a.e.web.EndpointLinksResolver      : Exposing 1 endpoint beneath base path '/actuator'
2024-09-22T18:12:17.254-03:00 DEBUG 4504 --- [School Manager] [           main] o.s.s.web.DefaultSecurityFilterChain     : Will secure any request with filters: DisableEncodeUrlFilter, WebAsyncManagerIntegrationFilter, SecurityContextHolderFilter, HeaderWriterFilter, CorsFilter, LogoutFilter, JwtTokenValidator, BasicAuthenticationFilter, RequestCacheAwareFilter, SecurityContextHolderAwareRequestFilter, AnonymousAuthenticationFilter, SessionManagementFilter, ExceptionTranslationFilter, AuthorizationFilter
2024-09-22T18:12:17.845-03:00  INFO 4504 --- [School Manager] [           main] c.school.SchoolManagerApplicationTests   : Started SchoolManagerApplicationTests in 23.461 seconds (process running for 24.343)
]]></system-out>
  </testcase>
</testsuite>